<?xml version="1.0" encoding="UTF-8"?>
<testng-results ignored="0" total="1" passed="1" failed="0" skipped="0">
  <reporter-output>
  </reporter-output>
  <suite started-at="2024-07-09T12:54:20 IST" name="Default suite" finished-at="2024-07-09T12:54:29 IST" duration-ms="9073">
    <groups>
    </groups>
    <test started-at="2024-07-09T12:54:20 IST" name="Default test" finished-at="2024-07-09T12:54:29 IST" duration-ms="9073">
      <class name="SeleniumJava.TestNgFramework.loginErrorHandling">
        <test-method is-config="true" signature="launchApplication()[pri:0, instance:SeleniumJava.TestNgFramework.loginErrorHandling@31304f14]" started-at="2024-07-09T12:54:20 IST" name="launchApplication" finished-at="2024-07-09T12:54:28 IST" duration-ms="7727" status="PASS">
          <reporter-output>
          </reporter-output>
        </test-method> <!-- launchApplication -->
        <test-method signature="loginError()[pri:0, instance:SeleniumJava.TestNgFramework.loginErrorHandling@31304f14]" started-at="2024-07-09T12:54:28 IST" name="loginError" finished-at="2024-07-09T12:54:29 IST" duration-ms="1046" status="PASS">
          <reporter-output>
          </reporter-output>
        </test-method> <!-- loginError -->
        <test-method is-config="true" signature="afterTestRun()[pri:0, instance:SeleniumJava.TestNgFramework.loginErrorHandling@31304f14]" started-at="2024-07-09T12:54:29 IST" name="afterTestRun" finished-at="2024-07-09T12:54:29 IST" duration-ms="233" status="PASS">
          <reporter-output>
          </reporter-output>
        </test-method> <!-- afterTestRun -->
      </class> <!-- SeleniumJava.TestNgFramework.loginErrorHandling -->
    </test> <!-- Default test -->
  </suite> <!-- Default suite -->
</testng-results>
